#This file was generated using SimGrid-3.25.0
#[/mnt/1tb/simgrid-v3.25/build/examples/s4u/app-masterworkers/s4u-app-masterworkers-fun /mnt/1tb/simgrid-v3.25/examples/platforms/cluster_and_one_host.xml /mnt/1tb/simgrid-v3.25/build/examples/s4u/app-masterworkers/deployment3.xml --cfg=network/model:LV08 --cfg=tracing:yes --cfg=tracing/msg/process:yes --cfg=surf/precision:500e-09 ]
%EventDef PajeDefineContainerType 0
%       Alias string
%       Type string
%       Name string
%EndEventDef
%EventDef PajeDefineVariableType 1
%       Alias string
%       Type string
%       Name string
%       Color color
%EndEventDef
%EventDef PajeDefineStateType 2
%       Alias string
%       Type string
%       Name string
%EndEventDef
%EventDef PajeDefineEventType 3
%       Alias string
%       Type string
%       Name string
%EndEventDef
%EventDef PajeDefineLinkType 4
%       Alias string
%       Type string
%       StartContainerType string
%       EndContainerType string
%       Name string
%EndEventDef
%EventDef PajeDefineEntityValue 5
%       Alias string
%       Type string
%       Name string
%       Color color
%EndEventDef
%EventDef PajeCreateContainer 6
%       Time date
%       Alias string
%       Type string
%       Container string
%       Name string
%EndEventDef
%EventDef PajeDestroyContainer 7
%       Time date
%       Type string
%       Name string
%EndEventDef
%EventDef PajeSetVariable 8
%       Time date
%       Type string
%       Container string
%       Value double
%EndEventDef
%EventDef PajeAddVariable 9
%       Time date
%       Type string
%       Container string
%       Value double
%EndEventDef
%EventDef PajeSubVariable 10
%       Time date
%       Type string
%       Container string
%       Value double
%EndEventDef
%EventDef PajeSetState 11
%       Time date
%       Type string
%       Container string
%       Value string
%EndEventDef
%EventDef PajePushState 12
%       Time date
%       Type string
%       Container string
%       Value string
%EndEventDef
%EventDef PajePopState 13
%       Time date
%       Type string
%       Container string
%EndEventDef
%EventDef PajeResetState 14
%       Time date
%       Type string
%       Container string
%EndEventDef
%EventDef PajeStartLink 15
%       Time date
%       Type string
%       Container string
%       Value string
%       StartContainer string
%       Key string
%EndEventDef
%EventDef PajeEndLink 16
%       Time date
%       Type string
%       Container string
%       Value string
%       EndContainer string
%       Key string
%EndEventDef
%EventDef PajeNewEvent 17
%       Time date
%       Type string
%       Container string
%       Value string
%EndEventDef
0 1 0 L1
6 0.000000 1 1 0 "my_cluster_1"
0 2 1 HOST
6 0.000000 2 2 1 "c-0.me"
0 3 1 LINK
6 0.000000 3 3 1 "my_cluster_1_link_0_UP"
6 0.000000 4 3 1 "my_cluster_1_link_0_DOWN"
6 0.000000 5 2 1 "c-1.me"
6 0.000000 6 3 1 "my_cluster_1_link_1_UP"
6 0.000000 7 3 1 "my_cluster_1_link_1_DOWN"
0 4 1 ROUTER
6 0.000000 8 4 1 "router1"
6 0.000000 9 1 0 "AS1"
6 0.000000 10 2 9 "host1"
0 5 0 LINK
6 0.000000 11 5 0 "link1"
4 6 1 2 3 L1-HOST2-LINK3
4 7 1 3 4 L1-LINK3-ROUTER4
4 8 0 5 2 0-LINK5-HOST2
4 9 0 4 5 0-ROUTER4-LINK5
15 0.000000 6 1 topology 2 0
16 0.000000 6 1 topology 4 0
15 0.000000 6 1 topology 2 1
16 0.000000 6 1 topology 3 1
15 0.000000 6 1 topology 5 2
16 0.000000 6 1 topology 7 2
15 0.000000 6 1 topology 5 3
16 0.000000 6 1 topology 6 3
15 0.000000 7 1 topology 4 4
16 0.000000 7 1 topology 8 4
15 0.000000 7 1 topology 3 5
16 0.000000 7 1 topology 8 5
15 0.000000 7 1 topology 7 6
16 0.000000 7 1 topology 8 6
15 0.000000 7 1 topology 6 7
16 0.000000 7 1 topology 8 7
15 0.000000 8 0 topology 11 8
16 0.000000 8 0 topology 10 8
15 0.000000 9 0 topology 8 9
16 0.000000 9 0 topology 11 9
0 10 2 ACTOR
6 0.000000 12 10 2 "master-1"
2 11 10 ACTOR_STATE
5 12 11 suspend "1 0 1"
5 13 11 sleep "1 1 0"
5 14 11 receive "1 0 0"
5 15 11 send "0 0 1"
5 16 11 execute "0 1 1"
4 17 0 10 10 ACTOR_LINK
4 18 0 10 10 ACTOR_TASK_LINK
6 0.000000 13 10 2 "Worker-c-0.me-2"
6 0.000000 14 10 5 "Worker-c-1.me-3"
6 0.000000 15 10 10 "Worker-host1-4"
12 0.000000 11 13 14
12 0.000000 11 14 14
12 0.000000 11 12 15
12 0.000000 11 15 14
13 0.001044 11 13
13 0.001044 11 12
12 0.001044 11 12 15
12 0.001044 11 13 16
13 0.002039 11 14
13 0.002039 11 12
12 0.002039 11 12 15
12 0.002039 11 14 16
13 0.003083 11 15
13 0.003083 11 12
12 0.003083 11 12 14
12 0.003083 11 15 16
13 18.982628 11 13
12 18.982628 11 13 15
13 18.983623 11 14
12 18.983623 11 14 15
13 18.983672 11 12
12 18.983672 11 12 14
13 18.983672 11 13
12 18.983672 11 13 14
13 18.984667 11 15
12 18.984667 11 15 15
13 18.984667 11 14
12 18.984667 11 14 14
13 18.984667 11 12
12 18.984667 11 12 14
13 18.985711 11 15
12 18.985711 11 15 14
13 18.985711 11 12
12 18.985711 11 12 16
13 19.120418 11 12
12 19.120418 11 12 15
13 19.121462 11 13
13 19.121462 11 12
12 19.121462 11 12 15
12 19.121462 11 13 16
13 19.122457 11 14
13 19.122457 11 12
12 19.122457 11 12 15
12 19.122457 11 14 16
13 19.123501 11 15
13 19.123501 11 12
12 19.123501 11 12 14
12 19.123501 11 15 16
13 38.103046 11 13
12 38.103046 11 13 15
13 38.104041 11 14
12 38.104041 11 14 15
13 38.104090 11 12
12 38.104090 11 12 14
13 38.104090 11 13
12 38.104090 11 13 14
13 38.105085 11 15
12 38.105085 11 15 15
13 38.105085 11 14
12 38.105085 11 14 14
13 38.105085 11 12
12 38.105085 11 12 14
13 38.106129 11 15
12 38.106129 11 15 14
13 38.106129 11 12
12 38.106129 11 12 16
13 38.240836 11 12
12 38.240836 11 12 15
13 38.241880 11 13
13 38.241880 11 12
12 38.241880 11 12 15
12 38.241880 11 13 16
13 38.242875 11 14
13 38.242875 11 12
12 38.242875 11 12 15
12 38.242875 11 14 16
13 38.243920 11 15
13 38.243920 11 12
12 38.243920 11 12 14
12 38.243920 11 15 16
13 57.223464 11 13
12 57.223464 11 13 15
13 57.224459 11 14
12 57.224459 11 14 15
13 57.224508 11 12
12 57.224508 11 12 14
13 57.224508 11 13
12 57.224508 11 13 14
13 57.225503 11 15
12 57.225503 11 15 15
13 57.225503 11 14
12 57.225503 11 14 14
13 57.225503 11 12
12 57.225503 11 12 14
13 57.226547 11 15
12 57.226547 11 15 14
13 57.226547 11 12
12 57.226547 11 12 16
13 57.361255 11 12
12 57.361255 11 12 15
13 57.362299 11 13
13 57.362299 11 12
12 57.362299 11 12 15
12 57.362299 11 13 16
13 57.363294 11 14
13 57.363294 11 12
12 57.363294 11 12 15
12 57.363294 11 14 16
13 57.364338 11 15
13 57.364338 11 12
12 57.364338 11 12 14
12 57.364338 11 15 16
13 76.343882 11 13
12 76.343882 11 13 15
13 76.344877 11 14
12 76.344877 11 14 15
13 76.344926 11 12
12 76.344926 11 12 14
13 76.344926 11 13
12 76.344926 11 13 14
13 76.345921 11 15
12 76.345921 11 15 15
13 76.345921 11 14
12 76.345921 11 14 14
13 76.345921 11 12
12 76.345921 11 12 14
13 76.346965 11 15
12 76.346965 11 15 14
13 76.346965 11 12
12 76.346965 11 12 16
13 76.481673 11 12
12 76.481673 11 12 15
13 76.482717 11 13
13 76.482717 11 12
12 76.482717 11 12 15
12 76.482717 11 13 16
13 76.483712 11 14
13 76.483712 11 12
12 76.483712 11 12 15
12 76.483712 11 14 16
13 76.484756 11 15
13 76.484756 11 12
12 76.484756 11 12 14
12 76.484756 11 15 16
13 95.464301 11 13
12 95.464301 11 13 15
13 95.465296 11 14
12 95.465296 11 14 15
13 95.465345 11 12
12 95.465345 11 12 14
13 95.465345 11 13
12 95.465345 11 13 14
13 95.466340 11 15
12 95.466340 11 15 15
13 95.466340 11 14
12 95.466340 11 14 14
13 95.466340 11 12
12 95.466340 11 12 14
13 95.467384 11 15
12 95.467384 11 15 14
13 95.467384 11 12
12 95.467384 11 12 16
13 95.602091 11 12
12 95.602091 11 12 15
13 95.603135 11 13
13 95.603135 11 12
12 95.603135 11 12 15
12 95.603135 11 13 16
13 95.604130 11 14
13 95.604130 11 12
12 95.604130 11 12 15
12 95.604130 11 14 16
13 95.605174 11 15
13 95.605174 11 12
12 95.605174 11 12 14
12 95.605174 11 15 16
13 114.584719 11 13
12 114.584719 11 13 15
13 114.585714 11 14
12 114.585714 11 14 15
13 114.585763 11 12
12 114.585763 11 12 14
13 114.585763 11 13
12 114.585763 11 13 14
13 114.586758 11 15
12 114.586758 11 15 15
13 114.586758 11 14
12 114.586758 11 14 14
13 114.586758 11 12
12 114.586758 11 12 14
13 114.587802 11 15
12 114.587802 11 15 14
13 114.587802 11 12
12 114.587802 11 12 16
13 114.722509 11 12
12 114.722509 11 12 15
13 114.723553 11 13
13 114.723553 11 12
12 114.723553 11 12 15
12 114.723553 11 13 16
13 114.724548 11 14
13 114.724548 11 12
12 114.724548 11 12 15
12 114.724548 11 14 16
13 114.725592 11 15
13 114.725592 11 12
12 114.725592 11 12 14
12 114.725592 11 15 16
13 133.705137 11 13
12 133.705137 11 13 15
13 133.706132 11 14
12 133.706132 11 14 15
13 133.706181 11 12
12 133.706181 11 12 14
13 133.706181 11 13
12 133.706181 11 13 14
13 133.707176 11 15
12 133.707176 11 15 15
13 133.707176 11 14
12 133.707176 11 14 14
13 133.707176 11 12
12 133.707176 11 12 14
13 133.708220 11 15
12 133.708220 11 15 14
13 133.708220 11 12
12 133.708220 11 12 16
13 133.842928 11 12
12 133.842928 11 12 15
13 133.843972 11 13
13 133.843972 11 12
12 133.843972 11 12 15
12 133.843972 11 13 16
13 133.844967 11 14
13 133.844967 11 12
12 133.844967 11 12 15
12 133.844967 11 14 16
13 133.846011 11 15
13 133.846011 11 12
12 133.846011 11 12 14
12 133.846011 11 15 16
13 152.825555 11 13
12 152.825555 11 13 15
13 152.826550 11 14
12 152.826550 11 14 15
13 152.826599 11 12
12 152.826599 11 12 14
13 152.826599 11 13
12 152.826599 11 13 14
13 152.827594 11 15
12 152.827594 11 15 15
13 152.827594 11 14
12 152.827594 11 14 14
13 152.827594 11 12
12 152.827594 11 12 14
13 152.828638 11 15
12 152.828638 11 15 14
13 152.828638 11 12
12 152.828638 11 12 16
13 152.963346 11 12
12 152.963346 11 12 15
13 152.964390 11 13
13 152.964390 11 12
12 152.964390 11 12 15
12 152.964390 11 13 16
13 152.965385 11 14
13 152.965385 11 12
12 152.965385 11 12 15
12 152.965385 11 14 16
13 152.966429 11 15
13 152.966429 11 12
12 152.966429 11 12 14
12 152.966429 11 15 16
13 171.945973 11 13
12 171.945973 11 13 15
13 171.946968 11 14
12 171.946968 11 14 15
13 171.947017 11 12
12 171.947017 11 12 14
13 171.947017 11 13
12 171.947017 11 13 14
13 171.948012 11 15
12 171.948012 11 15 15
13 171.948012 11 14
12 171.948012 11 14 14
13 171.948012 11 12
12 171.948012 11 12 14
13 171.949056 11 15
12 171.949056 11 15 14
13 171.949056 11 12
12 171.949056 11 12 16
13 172.083764 11 12
12 172.083764 11 12 15
13 172.084808 11 13
13 172.084808 11 12
12 172.084808 11 12 15
12 172.084808 11 13 16
13 172.085803 11 14
13 172.085803 11 12
12 172.085803 11 12 15
12 172.085803 11 14 16
13 172.086847 11 15
13 172.086847 11 12
12 172.086847 11 12 14
12 172.086847 11 15 16
13 191.066392 11 13
12 191.066392 11 13 15
13 191.067387 11 14
12 191.067387 11 14 15
13 191.067436 11 12
12 191.067436 11 12 14
13 191.067436 11 13
12 191.067436 11 13 14
13 191.068431 11 15
12 191.068431 11 15 15
13 191.068431 11 14
12 191.068431 11 14 14
13 191.068431 11 12
12 191.068431 11 12 14
13 191.069475 11 15
12 191.069475 11 15 14
13 191.069475 11 12
12 191.069475 11 12 16
13 191.204182 11 12
12 191.204182 11 12 15
13 191.205226 11 13
13 191.205226 11 12
12 191.205226 11 12 15
12 191.205226 11 13 16
13 191.206221 11 14
13 191.206221 11 12
12 191.206221 11 12 15
12 191.206221 11 14 16
13 191.207265 11 15
13 191.207265 11 12
12 191.207265 11 12 14
12 191.207265 11 15 16
13 210.186810 11 13
12 210.186810 11 13 15
13 210.187805 11 14
12 210.187805 11 14 15
13 210.187854 11 12
12 210.187854 11 12 14
13 210.187854 11 13
12 210.187854 11 13 14
13 210.188849 11 15
12 210.188849 11 15 15
13 210.188849 11 14
12 210.188849 11 14 14
13 210.188849 11 12
12 210.188849 11 12 14
13 210.189893 11 15
12 210.189893 11 15 14
13 210.189893 11 12
12 210.189893 11 12 16
13 210.324600 11 12
12 210.324600 11 12 15
13 210.325644 11 13
13 210.325644 11 12
12 210.325644 11 12 15
12 210.325644 11 13 16
13 210.326639 11 14
13 210.326639 11 12
12 210.326639 11 12 15
12 210.326639 11 14 16
13 210.327683 11 15
13 210.327683 11 12
12 210.327683 11 12 14
12 210.327683 11 15 16
13 229.307228 11 13
12 229.307228 11 13 15
13 229.308223 11 14
12 229.308223 11 14 15
13 229.308272 11 12
12 229.308272 11 12 14
13 229.308272 11 13
12 229.308272 11 13 14
13 229.309267 11 15
12 229.309267 11 15 15
13 229.309267 11 14
12 229.309267 11 14 14
13 229.309267 11 12
12 229.309267 11 12 14
13 229.310311 11 15
12 229.310311 11 15 14
13 229.310311 11 12
12 229.310311 11 12 16
13 229.445019 11 12
12 229.445019 11 12 15
13 229.446063 11 13
13 229.446063 11 12
12 229.446063 11 12 15
12 229.446063 11 13 16
13 229.447058 11 14
13 229.447058 11 12
12 229.447058 11 12 15
12 229.447058 11 14 16
13 229.448102 11 15
13 229.448102 11 12
12 229.448102 11 12 14
12 229.448102 11 15 16
13 248.427646 11 13
12 248.427646 11 13 15
13 248.428641 11 14
12 248.428641 11 14 15
13 248.428690 11 12
12 248.428690 11 12 14
13 248.428690 11 13
12 248.428690 11 13 14
13 248.429685 11 15
12 248.429685 11 15 15
13 248.429685 11 14
12 248.429685 11 14 14
13 248.429685 11 12
12 248.429685 11 12 14
13 248.430729 11 15
12 248.430729 11 15 14
13 248.430729 11 12
12 248.430729 11 12 16
13 248.565437 11 12
12 248.565437 11 12 15
13 248.566481 11 13
13 248.566481 11 12
12 248.566481 11 12 15
12 248.566481 11 13 16
13 248.567476 11 14
13 248.567476 11 12
12 248.567476 11 12 15
12 248.567476 11 14 16
13 248.568520 11 15
13 248.568520 11 12
12 248.568520 11 12 14
12 248.568520 11 15 16
13 267.548064 11 13
12 267.548064 11 13 15
13 267.549059 11 14
12 267.549059 11 14 15
13 267.549109 11 12
12 267.549109 11 12 14
13 267.549109 11 13
12 267.549109 11 13 14
13 267.550104 11 15
12 267.550104 11 15 15
13 267.550104 11 14
12 267.550104 11 14 14
13 267.550104 11 12
12 267.550104 11 12 14
13 267.551148 11 15
12 267.551148 11 15 14
13 267.551148 11 12
12 267.551148 11 12 16
13 267.685855 11 12
12 267.685855 11 12 15
13 267.686899 11 13
13 267.686899 11 12
12 267.686899 11 12 15
12 267.686899 11 13 16
13 267.687894 11 14
13 267.687894 11 12
12 267.687894 11 12 15
12 267.687894 11 14 16
13 267.688938 11 15
13 267.688938 11 12
12 267.688938 11 12 14
12 267.688938 11 15 16
13 286.668483 11 13
12 286.668483 11 13 15
13 286.669478 11 14
12 286.669478 11 14 15
13 286.669527 11 12
12 286.669527 11 12 14
13 286.669527 11 13
12 286.669527 11 13 14
13 286.670522 11 15
12 286.670522 11 15 15
13 286.670522 11 14
12 286.670522 11 14 14
13 286.670522 11 12
12 286.670522 11 12 14
13 286.671566 11 15
12 286.671566 11 15 14
13 286.671566 11 12
12 286.671566 11 12 16
13 286.806273 11 12
12 286.806273 11 12 15
13 286.807317 11 13
13 286.807317 11 12
12 286.807317 11 12 15
12 286.807317 11 13 16
13 286.808312 11 14
13 286.808312 11 12
12 286.808312 11 12 15
12 286.808312 11 14 16
13 286.809356 11 15
13 286.809356 11 12
12 286.809356 11 12 14
12 286.809356 11 15 16
13 305.788901 11 13
12 305.788901 11 13 15
13 305.789896 11 14
12 305.789896 11 14 15
13 305.789945 11 12
12 305.789945 11 12 14
13 305.789945 11 13
12 305.789945 11 13 14
13 305.790940 11 15
12 305.790940 11 15 15
13 305.790940 11 14
12 305.790940 11 14 14
13 305.790940 11 12
12 305.790940 11 12 14
13 305.791984 11 15
12 305.791984 11 15 14
13 305.791984 11 12
12 305.791984 11 12 16
13 305.926691 11 12
12 305.926691 11 12 15
13 305.927736 11 13
13 305.927736 11 12
12 305.927736 11 12 15
12 305.927736 11 13 16
13 305.928730 11 14
13 305.928730 11 12
12 305.928730 11 12 15
12 305.928730 11 14 16
13 305.929775 11 15
13 305.929775 11 12
12 305.929775 11 12 14
12 305.929775 11 15 16
13 324.909319 11 13
12 324.909319 11 13 15
13 324.910314 11 14
12 324.910314 11 14 15
13 324.910363 11 12
12 324.910363 11 12 14
13 324.910363 11 13
12 324.910363 11 13 14
13 324.911358 11 15
12 324.911358 11 15 15
13 324.911358 11 14
12 324.911358 11 14 14
13 324.911358 11 12
12 324.911358 11 12 14
13 324.912402 11 15
12 324.912402 11 15 14
13 324.912402 11 12
12 324.912402 11 12 16
13 325.047110 11 12
12 325.047110 11 12 15
13 325.048154 11 13
13 325.048154 11 12
12 325.048154 11 12 15
12 325.048154 11 13 16
13 325.049149 11 14
13 325.049149 11 12
12 325.049149 11 12 15
12 325.049149 11 14 16
13 325.050193 11 15
13 325.050193 11 12
12 325.050193 11 12 14
12 325.050193 11 15 16
13 344.029737 11 13
12 344.029737 11 13 15
13 344.030732 11 14
12 344.030732 11 14 15
13 344.030781 11 12
12 344.030781 11 12 14
13 344.030781 11 13
12 344.030781 11 13 14
13 344.031776 11 15
12 344.031776 11 15 15
13 344.031776 11 14
12 344.031776 11 14 14
13 344.031776 11 12
12 344.031776 11 12 14
13 344.032820 11 15
12 344.032820 11 15 14
13 344.032820 11 12
12 344.032820 11 12 16
13 344.167528 11 12
12 344.167528 11 12 15
13 344.168572 11 13
13 344.168572 11 12
12 344.168572 11 12 15
12 344.168572 11 13 16
13 344.169567 11 14
13 344.169567 11 12
12 344.169567 11 12 15
12 344.169567 11 14 16
13 344.170611 11 15
13 344.170611 11 12
12 344.170611 11 12 14
12 344.170611 11 15 16
13 363.150156 11 13
12 363.150156 11 13 15
13 363.151151 11 14
12 363.151151 11 14 15
13 363.151200 11 12
12 363.151200 11 12 14
13 363.151200 11 13
12 363.151200 11 13 14
13 363.152195 11 15
12 363.152195 11 15 15
13 363.152195 11 14
12 363.152195 11 14 14
13 363.152195 11 12
12 363.152195 11 12 14
13 363.153239 11 15
12 363.153239 11 15 14
13 363.153239 11 12
12 363.153239 11 12 16
13 363.287946 11 12
12 363.287946 11 12 15
13 363.288990 11 13
13 363.288990 11 12
12 363.288990 11 12 15
12 363.288990 11 13 16
13 363.289985 11 14
13 363.289985 11 12
12 363.289985 11 12 15
12 363.289985 11 14 16
13 363.291029 11 15
13 363.291029 11 12
12 363.291029 11 12 14
12 363.291029 11 15 16
13 382.270574 11 13
12 382.270574 11 13 15
13 382.271569 11 14
12 382.271569 11 14 15
13 382.271618 11 12
12 382.271618 11 12 14
13 382.271618 11 13
12 382.271618 11 13 14
13 382.272613 11 15
12 382.272613 11 15 15
13 382.272613 11 14
12 382.272613 11 14 14
13 382.272613 11 12
12 382.272613 11 12 14
13 382.273657 11 15
12 382.273657 11 15 14
13 382.273657 11 12
12 382.273657 11 12 16
13 382.408364 11 12
12 382.408364 11 12 15
13 382.409408 11 13
13 382.409408 11 12
12 382.409408 11 12 15
12 382.409408 11 13 16
13 382.410403 11 14
13 382.410403 11 12
12 382.410403 11 12 15
12 382.410403 11 14 16
13 382.411447 11 15
13 382.411447 11 12
12 382.411447 11 12 14
12 382.411447 11 15 16
13 401.390992 11 13
12 401.390992 11 13 15
13 401.391987 11 14
12 401.391987 11 14 15
13 401.392036 11 12
12 401.392036 11 12 14
13 401.392036 11 13
12 401.392036 11 13 14
13 401.393031 11 15
12 401.393031 11 15 15
13 401.393031 11 14
12 401.393031 11 14 14
13 401.393031 11 12
12 401.393031 11 12 14
13 401.394075 11 15
12 401.394075 11 15 14
13 401.394075 11 12
12 401.394075 11 12 16
13 401.528783 11 12
12 401.528783 11 12 15
13 401.529827 11 13
13 401.529827 11 12
12 401.529827 11 12 15
12 401.529827 11 13 16
13 401.530822 11 14
13 401.530822 11 12
12 401.530822 11 12 15
12 401.530822 11 14 16
13 401.531866 11 15
13 401.531866 11 12
12 401.531866 11 12 14
12 401.531866 11 15 16
13 420.511410 11 13
12 420.511410 11 13 15
13 420.512405 11 14
12 420.512405 11 14 15
13 420.512454 11 12
12 420.512454 11 12 14
13 420.512454 11 13
12 420.512454 11 13 14
13 420.513449 11 15
12 420.513449 11 15 15
13 420.513449 11 14
12 420.513449 11 14 14
13 420.513449 11 12
12 420.513449 11 12 14
13 420.514493 11 15
12 420.514493 11 15 14
13 420.514493 11 12
12 420.514493 11 12 16
13 420.649201 11 12
12 420.649201 11 12 15
13 420.650245 11 13
13 420.650245 11 12
12 420.650245 11 12 15
12 420.650245 11 13 16
13 420.651240 11 14
13 420.651240 11 12
12 420.651240 11 12 15
12 420.651240 11 14 16
13 420.652284 11 15
13 420.652284 11 12
12 420.652284 11 12 14
12 420.652284 11 15 16
13 439.631828 11 13
12 439.631828 11 13 15
13 439.632823 11 14
12 439.632823 11 14 15
13 439.632872 11 12
12 439.632872 11 12 14
13 439.632872 11 13
12 439.632872 11 13 14
13 439.633867 11 15
12 439.633867 11 15 15
13 439.633867 11 14
12 439.633867 11 14 14
13 439.633867 11 12
12 439.633867 11 12 14
13 439.634912 11 15
12 439.634912 11 15 14
13 439.634912 11 12
12 439.634912 11 12 16
13 439.769619 11 12
12 439.769619 11 12 15
13 439.770663 11 13
13 439.770663 11 12
12 439.770663 11 12 15
12 439.770663 11 13 16
13 439.771658 11 14
13 439.771658 11 12
12 439.771658 11 12 15
12 439.771658 11 14 16
13 439.772702 11 15
13 439.772702 11 12
12 439.772702 11 12 14
12 439.772702 11 15 16
13 458.752247 11 13
12 458.752247 11 13 15
13 458.753242 11 14
12 458.753242 11 14 15
13 458.753291 11 12
12 458.753291 11 12 14
13 458.753291 11 13
12 458.753291 11 13 14
13 458.754286 11 15
12 458.754286 11 15 15
13 458.754286 11 14
12 458.754286 11 14 14
13 458.754286 11 12
12 458.754286 11 12 14
13 458.755330 11 15
12 458.755330 11 15 14
13 458.755330 11 12
12 458.755330 11 12 16
13 458.890037 11 12
12 458.890037 11 12 15
13 458.891081 11 13
13 458.891081 11 12
12 458.891081 11 12 15
12 458.891081 11 13 16
13 458.892076 11 14
13 458.892076 11 12
12 458.892076 11 12 15
12 458.892076 11 14 16
13 458.893120 11 15
13 458.893120 11 12
12 458.893120 11 12 14
12 458.893120 11 15 16
13 477.872665 11 13
12 477.872665 11 13 15
13 477.873660 11 14
12 477.873660 11 14 15
13 477.873709 11 12
12 477.873709 11 12 14
13 477.873709 11 13
12 477.873709 11 13 14
13 477.874704 11 15
12 477.874704 11 15 15
13 477.874704 11 14
12 477.874704 11 14 14
13 477.874704 11 12
12 477.874704 11 12 14
13 477.875748 11 15
12 477.875748 11 15 14
13 477.875748 11 12
12 477.875748 11 12 16
13 478.010455 11 12
12 478.010455 11 12 15
13 478.011499 11 13
13 478.011499 11 12
12 478.011499 11 12 15
12 478.011499 11 13 16
13 478.012494 11 14
13 478.012494 11 12
12 478.012494 11 12 15
12 478.012494 11 14 16
13 478.013538 11 15
13 478.013538 11 12
12 478.013538 11 12 14
12 478.013538 11 15 16
13 496.993083 11 13
12 496.993083 11 13 15
13 496.994078 11 14
12 496.994078 11 14 15
13 496.994127 11 12
12 496.994127 11 12 14
13 496.994127 11 13
12 496.994127 11 13 14
13 496.995122 11 15
12 496.995122 11 15 15
13 496.995122 11 14
12 496.995122 11 14 14
13 496.995122 11 12
12 496.995122 11 12 14
13 496.996166 11 15
12 496.996166 11 15 14
13 496.996166 11 12
12 496.996166 11 12 16
13 497.130874 11 12
12 497.130874 11 12 15
13 497.131918 11 13
13 497.131918 11 12
12 497.131918 11 12 15
12 497.131918 11 13 16
13 497.132913 11 14
13 497.132913 11 12
12 497.132913 11 12 15
12 497.132913 11 14 16
13 497.133957 11 15
13 497.133957 11 12
12 497.133957 11 12 14
12 497.133957 11 15 16
13 516.113501 11 13
12 516.113501 11 13 15
13 516.114496 11 14
12 516.114496 11 14 15
13 516.114545 11 12
12 516.114545 11 12 14
13 516.114545 11 13
12 516.114545 11 13 14
13 516.115540 11 15
12 516.115540 11 15 15
13 516.115540 11 14
12 516.115540 11 14 14
13 516.115540 11 12
12 516.115540 11 12 14
13 516.116584 11 15
12 516.116584 11 15 14
13 516.116584 11 12
12 516.116584 11 12 16
13 516.251292 11 12
12 516.251292 11 12 15
13 516.252336 11 13
13 516.252336 11 12
12 516.252336 11 12 15
12 516.252336 11 13 16
13 516.253331 11 14
13 516.253331 11 12
12 516.253331 11 12 15
12 516.253331 11 14 16
13 516.254375 11 15
13 516.254375 11 12
12 516.254375 11 15 16
7 516.254375 10 13
7 516.254375 10 14
7 516.254375 10 15
7 516.254375 10 12
7 516.254375 2 10
7 516.254375 1 9
7 516.254375 5 11
7 516.254375 2 2
7 516.254375 2 5
7 516.254375 3 4
7 516.254375 3 3
7 516.254375 3 7
7 516.254375 3 6
7 516.254375 4 8
7 516.254375 1 1
