#This file was generated using SimGrid-3.25.0
#[/mnt/1tb/simgrid-v3.25/build/examples/s4u/app-masterworkers/s4u-app-masterworkers-fun /mnt/1tb/simgrid-v3.25/examples/platforms/cluster_and_one_host.xml /mnt/1tb/simgrid-v3.25/build/examples/s4u/app-masterworkers/deployment3.xml --cfg=network/model:LV08 --cfg=tracing:yes --cfg=tracing/msg/process:yes --cfg=surf/precision:500e-09 ]
%EventDef PajeDefineContainerType 0
%       Alias string
%       Type string
%       Name string
%EndEventDef
%EventDef PajeDefineVariableType 1
%       Alias string
%       Type string
%       Name string
%       Color color
%EndEventDef
%EventDef PajeDefineStateType 2
%       Alias string
%       Type string
%       Name string
%EndEventDef
%EventDef PajeDefineEventType 3
%       Alias string
%       Type string
%       Name string
%EndEventDef
%EventDef PajeDefineLinkType 4
%       Alias string
%       Type string
%       StartContainerType string
%       EndContainerType string
%       Name string
%EndEventDef
%EventDef PajeDefineEntityValue 5
%       Alias string
%       Type string
%       Name string
%       Color color
%EndEventDef
%EventDef PajeCreateContainer 6
%       Time date
%       Alias string
%       Type string
%       Container string
%       Name string
%EndEventDef
%EventDef PajeDestroyContainer 7
%       Time date
%       Type string
%       Name string
%EndEventDef
%EventDef PajeSetVariable 8
%       Time date
%       Type string
%       Container string
%       Value double
%EndEventDef
%EventDef PajeAddVariable 9
%       Time date
%       Type string
%       Container string
%       Value double
%EndEventDef
%EventDef PajeSubVariable 10
%       Time date
%       Type string
%       Container string
%       Value double
%EndEventDef
%EventDef PajeSetState 11
%       Time date
%       Type string
%       Container string
%       Value string
%EndEventDef
%EventDef PajePushState 12
%       Time date
%       Type string
%       Container string
%       Value string
%EndEventDef
%EventDef PajePopState 13
%       Time date
%       Type string
%       Container string
%EndEventDef
%EventDef PajeResetState 14
%       Time date
%       Type string
%       Container string
%EndEventDef
%EventDef PajeStartLink 15
%       Time date
%       Type string
%       Container string
%       Value string
%       StartContainer string
%       Key string
%EndEventDef
%EventDef PajeEndLink 16
%       Time date
%       Type string
%       Container string
%       Value string
%       EndContainer string
%       Key string
%EndEventDef
%EventDef PajeNewEvent 17
%       Time date
%       Type string
%       Container string
%       Value string
%EndEventDef
0 1 0 L1
6 0.000000 1 1 0 "my_cluster_1"
0 2 1 HOST
6 0.000000 2 2 1 "c-0.me"
0 3 1 LINK
6 0.000000 3 3 1 "my_cluster_1_link_0_UP"
6 0.000000 4 3 1 "my_cluster_1_link_0_DOWN"
6 0.000000 5 2 1 "c-1.me"
6 0.000000 6 3 1 "my_cluster_1_link_1_UP"
6 0.000000 7 3 1 "my_cluster_1_link_1_DOWN"
6 0.000000 8 2 1 "c-2.me"
6 0.000000 9 3 1 "my_cluster_1_link_2_UP"
6 0.000000 10 3 1 "my_cluster_1_link_2_DOWN"
6 0.000000 11 2 1 "c-3.me"
6 0.000000 12 3 1 "my_cluster_1_link_3_UP"
6 0.000000 13 3 1 "my_cluster_1_link_3_DOWN"
0 4 1 ROUTER
6 0.000000 14 4 1 "router1"
6 0.000000 15 1 0 "AS1"
6 0.000000 16 2 15 "host1"
0 5 0 LINK
6 0.000000 17 5 0 "link1"
4 6 1 2 3 L1-HOST2-LINK3
4 7 1 3 4 L1-LINK3-ROUTER4
4 8 0 5 2 0-LINK5-HOST2
4 9 0 4 5 0-ROUTER4-LINK5
15 0.000000 6 1 topology 2 0
16 0.000000 6 1 topology 4 0
15 0.000000 6 1 topology 2 1
16 0.000000 6 1 topology 3 1
15 0.000000 6 1 topology 5 2
16 0.000000 6 1 topology 7 2
15 0.000000 6 1 topology 5 3
16 0.000000 6 1 topology 6 3
15 0.000000 6 1 topology 8 4
16 0.000000 6 1 topology 10 4
15 0.000000 6 1 topology 8 5
16 0.000000 6 1 topology 9 5
15 0.000000 6 1 topology 11 6
16 0.000000 6 1 topology 13 6
15 0.000000 6 1 topology 11 7
16 0.000000 6 1 topology 12 7
15 0.000000 7 1 topology 4 8
16 0.000000 7 1 topology 14 8
15 0.000000 7 1 topology 3 9
16 0.000000 7 1 topology 14 9
15 0.000000 7 1 topology 7 10
16 0.000000 7 1 topology 14 10
15 0.000000 7 1 topology 6 11
16 0.000000 7 1 topology 14 11
15 0.000000 7 1 topology 10 12
16 0.000000 7 1 topology 14 12
15 0.000000 7 1 topology 9 13
16 0.000000 7 1 topology 14 13
15 0.000000 7 1 topology 13 14
16 0.000000 7 1 topology 14 14
15 0.000000 7 1 topology 12 15
16 0.000000 7 1 topology 14 15
15 0.000000 8 0 topology 17 16
16 0.000000 8 0 topology 16 16
15 0.000000 9 0 topology 14 17
16 0.000000 9 0 topology 17 17
0 10 2 ACTOR
6 0.000000 18 10 2 "master-1"
2 11 10 ACTOR_STATE
5 12 11 suspend "1 0 1"
5 13 11 sleep "1 1 0"
5 14 11 receive "1 0 0"
5 15 11 send "0 0 1"
5 16 11 execute "0 1 1"
4 17 0 10 10 ACTOR_LINK
4 18 0 10 10 ACTOR_TASK_LINK
6 0.000000 19 10 2 "Worker-c-0.me-2"
6 0.000000 20 10 5 "Worker-c-1.me-3"
6 0.000000 21 10 8 "Worker-c-2.me-4"
6 0.000000 22 10 11 "Worker-c-3.me-5"
6 0.000000 23 10 16 "Worker-host1-6"
12 0.000000 11 19 14
12 0.000000 11 20 14
12 0.000000 11 21 14
12 0.000000 11 22 14
12 0.000000 11 18 15
12 0.000000 11 23 14
13 0.001044 11 19
13 0.001044 11 18
12 0.001044 11 18 15
12 0.001044 11 19 16
13 0.002039 11 20
13 0.002039 11 18
12 0.002039 11 18 15
12 0.002039 11 20 16
13 0.003034 11 21
13 0.003034 11 18
12 0.003034 11 18 15
12 0.003034 11 21 16
13 0.004029 11 22
13 0.004029 11 18
12 0.004029 11 18 15
12 0.004029 11 22 16
13 0.005073 11 23
13 0.005073 11 18
12 0.005073 11 18 14
12 0.005073 11 23 16
13 9.491836 11 19
12 9.491836 11 19 15
13 9.492831 11 20
12 9.492831 11 20 15
13 9.492880 11 18
12 9.492880 11 18 14
13 9.492880 11 19
12 9.492880 11 19 14
13 9.493826 11 21
12 9.493826 11 21 15
13 9.493875 11 20
12 9.493875 11 20 14
13 9.493875 11 18
12 9.493875 11 18 14
13 9.494821 11 22
12 9.494821 11 22 15
13 9.494870 11 21
12 9.494870 11 21 14
13 9.494870 11 18
12 9.494870 11 18 14
13 9.495865 11 23
12 9.495865 11 23 15
13 9.495865 11 22
12 9.495865 11 22 14
13 9.495865 11 18
12 9.495865 11 18 14
13 9.496909 11 23
12 9.496909 11 23 14
13 9.496909 11 18
12 9.496909 11 18 16
13 9.853165 11 18
12 9.853165 11 18 15
13 9.854209 11 19
13 9.854209 11 18
12 9.854209 11 18 15
12 9.854209 11 19 16
13 9.855204 11 20
13 9.855204 11 18
12 9.855204 11 18 15
12 9.855204 11 20 16
13 9.856199 11 21
13 9.856199 11 18
12 9.856199 11 18 15
12 9.856199 11 21 16
13 9.857194 11 22
13 9.857194 11 18
12 9.857194 11 18 15
12 9.857194 11 22 16
13 9.858238 11 23
13 9.858238 11 18
12 9.858238 11 23 16
7 9.858238 10 19
7 9.858238 10 20
7 9.858238 10 21
7 9.858238 10 22
7 9.858238 10 23
7 9.858238 10 18
7 9.858238 2 16
7 9.858238 1 15
7 9.858238 5 17
7 9.858238 2 2
7 9.858238 2 5
7 9.858238 2 8
7 9.858238 2 11
7 9.858238 3 4
7 9.858238 3 3
7 9.858238 3 7
7 9.858238 3 6
7 9.858238 3 10
7 9.858238 3 9
7 9.858238 3 13
7 9.858238 3 12
7 9.858238 4 14
7 9.858238 1 1
